[[-6, -2, 6], [-2, 6, -5], [-5, -6, 3]]
262
[[-26, -2, -50], [10, 75, 4], [-60, -5, -42]]
[[-26, 10, -60], [-2, 75, -5], [-50, 4, -42]]
-141480
[670, 500, 610]
[-32, 71, 70]
-141480
[[-26, -2, -50], [10, 75, 4], [-60, -5, -42]]
[40, -358, 314]
[[-26, 10, -60], [-2, 75, -5], [-50, 4, -42]]
[[-124, -36, 212], [-233, -522, -56], [-46, -36, 56]]
[[-124, -233, -46], [-36, -522, -36], [212, -56, 56]]
0
0
[1956, 4248, 336]
0
[-732, -2916, -1452]
0
[[-124, -36, 212], [-233, -522, -56], [-46, -36, 56]]
[2196, 3672, 792]
