[[6, -1, -7], [-8, 4, -8], [-6, 6, 1]]
424
424
[[78, -97, -21], [4, 24, 64], [-61, 85, 9]]
[[78, 4, -61], [-97, 24, 85], [-21, 64, 9]]
[152, 0, 160]
[-460, 630, 254]
[40, -216, -496]
[[78, -97, -21], [4, 24, 64], [-61, 85, 9]]
-63176
[161, 232, -251]
[-632, 720, 508]
[451, -288, -367]
[[78, 4, -61], [-97, 24, 85], [-21, 64, 9]]
-63176
[[78, -97, -21], [4, 24, 64], [-61, 85, 9]]
[101, -248, -75]
[[78, 4, -61], [-97, 24, 85], [-21, 64, 9]]
[-501, 498, -118]
[[78, -97, -21], [4, 24, 64], [-61, 85, 9]]
-63176
[[78, 4, -61], [-97, 24, 85], [-21, 64, 9]]
[-14, 144, 344]
[-444, 389, -191]
-63176
[-810, 899, -137]
[[78, -97, -21], [4, 24, 64], [-61, 85, 9]]
[[-651, 419, -847], [444, -340, 680], [492, -274, 667]]
3790560
[[-3566, -4102, -142], [3088, 2900, 500], [3038, 3127, 327]]
[49180, -39704, -40266]
[[1970, 18540, -53960], [3440, -17940, 42916], [1190, -16825, 43809]]
[-461420, 369316, 375869]
[[1970, 3440, 1190], [18540, -17940, -16825], [-53960, 42916, 43809]]
[[1970, 18540, -53960], [3440, -17940, 42916], [1190, -16825, 43809]]
[[1970, 3440, 1190], [18540, -17940, -16825], [-53960, 42916, 43809]]
[[1970, 18540, -53960], [3440, -17940, 42916], [1190, -16825, 43809]]
[-421830, 360528, 356422]
-1895280000
-1895280000
[[1970, 3440, 1190], [18540, -17940, -16825], [-53960, 42916, 43809]]
[[1970, 18540, -53960], [3440, -17940, 42916], [1190, -16825, 43809]]
[[-169530, -308540, -236120], [124296, 261364, 195472], [131824, 259361, 196028]]
[[3001040, -1294920, 4001290], [-2660320, 1121916, -3217940], [-2588520, 1102519, -3269075]]
[[6235140, -35895660, -7886340], [-5025024, 31084188, 7571148], [-5100076, 30553867, 7123487]]
[[-193132500, -75561000, 171358320], [164658504, 70619232, -146170488], [162959406, 67188048, -144629102]]
55937748787200000
[[-193132500, 164658504, 162959406], [-75561000, 70619232, 67188048], [171358320, -146170488, -144629102]]
[[-1620898320, 2576977152, 1549269366], [-653419560, 1065330816, 667348728], [1438390780, -2287143104, -1375351682]]
[[14863928850, 9049898586, 17400107796], [5910427800, 3764377488, 7271190168], [-13189301790, -8032334602, -15444063992]]
-3254737913183232000000
[[14863928850, 5910427800, -13189301790], [9049898586, 3764377488, -8032334602], [17400107796, 7271190168, -15444063992]]
[[14863928850, 9049898586, 17400107796], [5910427800, 3764377488, 7271190168], [-13189301790, -8032334602, -15444063992]]
-3254737913183232000000
[[-206527693164, 57577242834, 51584600004], [-85563016512, 23371552872, 19889927232], [183301664348, -51096212598, -45765261908]]
[[-206527693164, -85563016512, 183301664348], [57577242834, 23371552872, -51096212598], [51584600004, 19889927232, -45765261908]]
[[-206527693164, 57577242834, 51584600004], [-85563016512, 23371552872, 19889927232], [183301664348, -51096212598, -45765261908]]
[-589998451638, -251287536504, 523731473026]
[[-206527693164, -85563016512, 183301664348], [57577242834, 23371552872, -51096212598], [51584600004, 19889927232, -45765261908]]
-1145667745440497664000000
-1145667745440497664000000
[[-177341897944, -283546878364, 980226641784], [47070490344, 79572901614, -270898431444], [37015802824, 72430039444, -237534864744]]
[[-5939808939872, 5442851308936, -6294492735760], [1643002236192, -1519725097356, 1737143216880], [1443852368672, -1366617630616, 1517883974320]]
-5485457165169102815232000000
[71844801035192, -19875172637532, -17471088502952]
[[-55870930904272, 38667052919280, 29153631990528], [15410138326152, -10797221484720, -7934789978208], [13445267216752, -9711183493200, -6689413801728]]
[[-55870930904272, 15410138326152, 13445267216752], [38667052919280, -10797221484720, -9711183493200], [29153631990528, -7934789978208, -6689413801728]]
[[-55870930904272, 38667052919280, 29153631990528], [15410138326152, -10797221484720, -7934789978208], [13445267216752, -9711183493200, -6689413801728]]
[339866340200816, -94404378202896, -83826252218576]
1009324118391114918002688000000
[127736145125296, -33668742780816, -25939267224976]
[[-55870930904272, 15410138326152, 13445267216752], [38667052919280, -10797221484720, -9711183493200], [29153631990528, -7934789978208, -6689413801728]]
