[-1, -16, 22]
-45
[[21, 24, -2], [8, 23, -15], [-19, -37, 22]]
[[-64, 47, -300], [6, 76, -112], [-7, -138, 242]]
[[-2218, -2167, 330], [-472, -718, 270], [1120, 1555, -525]]
[[-2218, -472, 1120], [-2167, -718, 1555], [330, 270, -525]]
[[-2218, -2167, 330], [-472, -718, 270], [1120, 1555, -525]]
[-25422, -5838, 13605]
[3140, 1610, -3275]
[[-2218, -472, 1120], [-2167, -718, 1555], [330, 270, -525]]
0
[[7718, 912, 1526], [8417, -2697, -556], [-1830, 2655, 1365]]
0
[[7718, 8417, -1830], [912, -2697, 2655], [1526, -556, 1365]]
[[40920, -36930, 9315], [-7470, 27630, -540], [690, 11940, 855]]
[[40920, -7470, 690], [-36930, 27630, 11940], [9315, -540, 855]]
[[40920, -36930, 9315], [-7470, 27630, -540], [690, 11940, 855]]
0
[[40920, -7470, 690], [-36930, 27630, 11940], [9315, -540, 855]]
[-250110, 338490, -50670]
0
0
0
[260910, -465390, 46620]
[[167250, 63570, 52410], [-46500, 80670, -151890], [43875, 22140, 6120]]
[[167250, -46500, 43875], [63570, 80670, 22140], [52410, -151890, 6120]]
[[1406250, 949125, -1784625], [272250, 770520, -421530], [806850, -274740, -917790]]
0
[2803500, 4726170, -4232790]
[[3689250, -18996750, -17209500], [2757210, -1276110, -5830890], [-735870, -14253030, -6384570]]
[[3689250, 2757210, -735870], [-18996750, -1276110, -14253030], [-17209500, -5830890, -6384570]]
[87720, -194033520, -105742230]
[[34597170, -32781900, 10646400], [-38693070, 145399500, -31419000], [-85506480, 140186550, -36929550]]
[[34597170, -38693070, -85506480], [-32781900, 145399500, 140186550], [10646400, -31419000, -36929550]]
0
[547636050, -873901200, 232223700]
[[34597170, -32781900, 10646400], [-38693070, 145399500, -31419000], [-85506480, 140186550, -36929550]]
[[-181571760, -155921070, 37009920], [1003248360, 640014570, -654786720], [884151990, 638721030, -425234280]]
[[80440320, -2050607670, -183043080], [4479632280, 10222811370, -3026697120], [2287631670, 9382669080, -1305907830]]
0
[[1595871750, -3528905310, 3756273270], [7454064150, -36268100190, 27429662430], [1082937300, -13160291760, 7927488570]]
[[1595871750, 7454064150, 1082937300], [-3528905310, -36268100190, -13160291760], [3756273270, 27429662430, 7927488570]]
[[-33394437600, 1526443200, 63964262400], [86644882800, 19901972160, -342785968560], [-84997223400, -8036565120, 251147253720]]
[718186497600, -3182549156640, 2487015109680]
[-193419230400, 1008455933520, -745405196040]
[[-33394437600, 86644882800, -84997223400], [1526443200, 19901972160, -8036565120], [63964262400, -342785968560, 251147253720]]
0
[[-963336822000, -1196824825200, 636886358400], [-170709577920, -159999007680, 114082015680], [3436475043120, 3883420645680, -2280992846880]]
0
[[15725988751200, 546568226400, 3590474475600], [2430695897280, -168461758080, 479997023040], [-53460319577280, 16293288480, -11650261937040]]
[-3274749924000, -852953852160, 13702250369760]
[[15725988751200, 2430695897280, -53460319577280], [546568226400, -168461758080, 16293288480], [3590474475600, 479997023040, -11650261937040]]
0
[407825762279040, 3687034901760, 90004427406720]
0
[[387238381733280, -127508019700320, -479442766504800], [3477390191520, -177058133280, -4048848081600], [85453958885040, -27850992395760, -105725160842400]]
[[1430874152497440, -2736980109679200, 694877296226400], [19624934216160, -28648204536000, 12444452848800], [317766806539920, -605190314973600, 155181149233200]]
0
0
[[1430874152497440, 19624934216160, 317766806539920], [-2736980109679200, -28648204536000, -605190314973600], [694877296226400, 12444452848800, 155181149233200]]
[[1430874152497440, -2736980109679200, 694877296226400], [19624934216160, -28648204536000, 12444452848800], [317766806539920, -605190314973600, 155181149233200]]
[-2321555963687520, -2107184328480, -506755912581360]
[[1430874152497440, 19624934216160, 317766806539920], [-2736980109679200, -28648204536000, -605190314973600], [694877296226400, 12444452848800, 155181149233200]]
[[1312164140727600, 2581384320751680, 10215175862252160], [-2505305053562400, -4898818928860800, -19532376026611200], [638737751984400, 1266338099563200, 4963182678576000]]
[[1312164140727600, -2505305053562400, 638737751984400], [2581384320751680, -4898818928860800, 1266338099563200], [10215175862252160, -19532376026611200, 4963182678576000]]
0
[[-5698993813484400, -3965156717086800, -23409572372215200], [-11230509426676800, -7572917150838720, -45765782536828800], [-44348289419491200, -31087287593274240, -182518974131270400]]
[[46196387290602000, -153207891026352000, 34923674593170000], [88975450227103680, -301041585981960960, 68812813621141440], [361468046830469760, -1193066674024446720, 271776085482718080]]
0
[[-939552291596736000, -540743734962828000, 1134475610001210000], [-1840947094212257280, -1060913021794128000, 2219708740638456000], [-7321513596096360960, -4212444154386528000, 8843507575459632000]]
[602693794863342000, 1181306498410059840, 4696144904056394880]
[[-939552291596736000, -1840947094212257280, -7321513596096360960], [-540743734962828000, -1060913021794128000, -4212444154386528000], [1134475610001210000, 2219708740638456000, 8843507575459632000]]
[[-939552291596736000, -540743734962828000, 1134475610001210000], [-1840947094212257280, -1060913021794128000, 2219708740638456000], [-7321513596096360960, -4212444154386528000, 8843507575459632000]]
[[12595064507741556000, -10768948064623638000, -2437772157806220000], [24667324738046010240, -21083313246671695680, -4787828769350106240], [98158583224995943680, -83934175299489797760, -18985634312545831680]]
[45719016412278618000, 89596718142717201600, 356253150235277923200]
[[-36374131499764194000, 42066783526042782000, 25207830417377088000], [-71173583956612255680, 82428695159968572480, 49389530161198141440], [-283541024647361381760, 327804334384265631360, 196435708921217710080]]
[-64341581211889830000, -125609068813413291840, -501828120635596490880]
0
[[-36374131499764194000, -71173583956612255680, -283541024647361381760], [42066783526042782000, 82428695159968572480, 327804334384265631360], [25207830417377088000, 49389530161198141440, 196435708921217710080]]
0
[1244439804267825750000, -1439328134370799530000, -862488738660576960000]
0
0
[[-36374131499764194000, 42066783526042782000, 25207830417377088000], [-71173583956612255680, 82428695159968572480, 49389530161198141440], [-283541024647361381760, 327804334384265631360, 196435708921217710080]]
[[-36374131499764194000, -71173583956612255680, -283541024647361381760], [42066783526042782000, 82428695159968572480, 327804334384265631360], [25207830417377088000, 49389530161198141440, 196435708921217710080]]
[[2772420633183012881760, -2237410046123134406640, 389514061060821699120], [-3206460603125864691360, 2587598527843533569040, -450594941178159994320], [-1921413186242371630080, 1550574925746626373120, -270006938826236904960]]
[[-15905887857923705769600, -3355560048358327626720, 32441890647959074913040], [18395517501978723849600, 3881439585798157861920, -37520220447764094259440], [11023200097383113164800, 2325860884643979893760, -22483334919350122744320]]
[[-15905887857923705769600, 18395517501978723849600, 11023200097383113164800], [-3355560048358327626720, 3881439585798157861920, 2325860884643979893760], [32441890647959074913040, -37520220447764094259440, -22483334919350122744320]]
[-177718091155375274380800, -37496174225886633720960, 362479321415898685494720]
0
[115378383808531217088000, 24347442166659346262400, -235332099410654021716800]
0
[[-15905887857923705769600, -3355560048358327626720, 32441890647959074913040], [18395517501978723849600, 3881439585798157861920, -37520220447764094259440], [11023200097383113164800, 2325860884643979893760, -22483334919350122744320]]
[206329759313451895257120, -238623720175753066084320, -142991244403003083432960]
[[-112396459481889256377360, 150677557842697054179840, 287361225919050019842960], [129991481034699435006960, -174262900227047779530240, -332342173556465397352560], [77895082869125087162880, -104424035231926383390720, -199150283940339331975680]]
0
0
[[-112396459481889256377360, 129991481034699435006960, 77895082869125087162880], [150677557842697054179840, -174262900227047779530240, -104424035231926383390720], [287361225919050019842960, -332342173556465397352560, -199150283940339331975680]]
0
