[-89, 91, -52]
[104, -44, 49]
[-6, -158, 120]
[[157, -130, -28], [-447, 48, -24], [337, -82, 10]]
[[1626, 1474, -2302], [-4788, -5556, 5850], [3494, 4062, -4424]]
[[14060, -7604, -39758], [-14034, 35982, 121446], [13126, -27146, -90420]]
[646712, -2074098, 1550466]
[129850, -1064208, 741282]
[424930, -598986, 489164]
[245838, -768834, 541552]
[[426140, 336464, -623436], [-1043148, -1607730, 1887342], [825192, 1167898, -1422130]]
[228888, -10630326, 6982710]
[-4462408, 21830724, -15478972]
[[-7518464, -8924728, 19565968], [35531376, 22798704, -60432558], [-25745712, -17449032, 45845318]]
[[96600472, 180788024, 567665432], [-386522376, -410258868, -1860912234], [285508448, 321689340, 1397694650]]
[546493520, -3460232886, 2476094574]
[527223688, -4677808986, 3290380570]
[5923160872, -23158203048, 17122328656]
[3278985696, -14435814354, 10572815338]
[7931249200, -23365092972, 17741342508]
[[6068612216, -8901858888, 10200484368], [-22098359712, 29364336876, -31095050322], [16431921400, -22041425060, 23530206554]]
[[-133365741904, 116649733824, 104148517784], [461390860686, -442653441000, -261103969044], [-344720369382, 327947183368, 202134852284]]
[2049976664832, -5901592792644, 4493940443700]
[[-3407473545168, -1563037259880, -2266703284480], [10784595098676, 7049001421032, 6098176626192], [-8129048792180, -5149856741968, -4680131858128]]
[-84942109997144, 241016264543532, -183830701234996]
[[11852813529008, 34437990425448, 4295845409920], [-58036254069636, -111775281787464, 3997036302420], [42147844950500, 84034493380912, -1643712944260]]
[[674623868140184, 447850830137736, 439879725029264], [-1886269391012964, -1729191078842196, -993962842669956], [1441147399429324, 1279120636140716, 780192780295492]]
[9363879575493320, -24771048948305556, 19049842073939244]
[7536040116025864, -10612846306902012, 9029658175178036]
[[-512763198390048, 1969054687706400, 12659563724350832], [1895457132373656, -11660665839465144, -29000376232320876], [-1407486442521560, 8366781292395896, 22720295478042348]]
[43209095826074064, -128245343702925444, 97327414913412484]
[[196226905044610720, 59839883270811248, 205739706083420336], [-502505662142514312, -17751591236731068, -603668067276683676], [387989634642270088, 26737328835950588, 458711419823104156]]
[[3536070937765895472, -4153734786208667776, 7783676067316140560], [-10324710002835997212, 11793417443261745504, -18740890376615911140], [7849721973239803292, -8994596928232812128, 14584659324332987300]]
[-51899606712944464784, 148555998092206630020, -113196420111471403588]
[93605910540905821280, -227519550971179372776, 176842543999694479144]
[36913305172154063808, -85568786143401662592, 66930297088970154304]
[[103304562916670459856, 90427492442713818784, -40374290487386857856], [-243147994787520750660, -208927901469098204952, 131486880630400540512], [189795064260886483012, 163493030628893669336, -98820204879175375200]]
