[284, -137, -152]
[373, -509, 73]
[[7, -158, -210], [-51, 220, 140], [341, -98, -199]]
[[-768, -7115, 3611], [2276, 6805, -1761], [1489, -4036, 516]]
[[121051, -146435, 134601], [-105289, 114333, -88083], [89053, -89661, 76071]]
[[-3097265, -748532, -2083429], [2166507, 543636, 1468515], [-1737039, -574092, -1314915]]
[-53891811, 37959333, -31821861]
[-26760243, 18765909, -16279173]
[27459564, -19432812, 17374644]
[[-55765693, -59565941, -62327222], [39346023, 42094035, 43684758], [-33759411, -37609155, -36534786]]
[1707699809, -1203224667, 1039723359]
[461525596, -326477100, 304536900]
[-1699743693, 1195847499, -1016177163]
[[-313529591, 206495086, 836656562], [215087949, -147839754, -586421070], [-153122073, 141483858, 482837790]]
[[7599073943, 17632384477, -6223778940], [-5411754645, -12363282831, 4411973364], [4948215465, 10260085587, -3960113028]]
[[550273525666, -247665873704, -64315813095], [-388129837590, 172992078072, 43884662757], [335127319230, -140431504344, -29074120089]]
[[2236171092053, -3979876274335, -8813973789332], [-1587149110959, 2802255413709, 6212623974396], [1439878136043, -2400873975393, -5337902083692]]
[[89396431095574, 77451915977360, 228108428935708], [-63001817864994, -54768018684624, -160991859387540], [54313146184938, 48429396230448, 139821198212580]]
[[-4153354916733538, 1160606433207436, 363370549650372], [2933285313721638, -822314137475172, -257372495062380], [-2560686610696926, 736293765027444, 230379481243260]]
[[4305241113614950, -64482106101284978, -29755916662614768], [-3040067851919922, 45506885511370614, 21005729330969808], [2655600128047194, -39496830299073678, -18281214465248016]]
[741937750962544220, -523616687545516116, 454507173780410532]
[[458751672214283034, -434503758778003540, 967546642658246668], [-323811748555840206, 306535372302572220, -682911196537412676], [281568581490183462, -265151420136992940, 593435247170969652]]
[[-15159333522431826818, 948352355011237750, 750862893088852834], [10699046465629333830, -671544114378788802, -528158757177197094], [-9291685811207150910, 602303093006658954, 443144556476476638]]
[[-223738669077087221408, -252833304395815878718, 245238013605540195018], [157935391849010244192, 178427789965430191866, -173017845106689028734], [-137394869477758245984, -154829800291347201282, 149699923899757380918]]
[[855691694514596389642, 2717818247770897546676, 510825438737251562038], [-603544461783790456254, -1919159244260176992540, -359417229057575606370], [520845521200313555958, 1675427088804998885580, 302490453355336820490]]
[[-32890165661696729158278, -46202910212105258293492, -6566918738795545521022], [23233229540038616749650, 32625707152423008873180, 4631820187994769015066], [-20353416516210535141050, -28482260509684981054860, -3997312155569914631682]]
[[612069361102902204164744, 169272057117163378500214, -765088661065852003606786], [-432444815321268577655256, -119677272688103544433218, 540300340681692199099590], [379588220655916879032312, 105755401184385655112586, -472036469206957429418430]]
[14796752190965296314269958, -10451786288556308275080594, 9152221677710448802110138]
[2832776850359932939595616, -2000810469537120333943584, 1750821872219771638942368]
[-2988614807569320097482810, 2110409146245596606142606, -1842642938540005335944262]
[[4632569268529416151707010, -16766923837334095775909756, 22721148370994597810295286], [-3272739345023166373386054, 11841365933445656871991284, -16049925393077439938621154], [2870070718935581250378558, -10351164164923192383275268, 14060254240970678020077258]]
[364411656847903662698580496, -257437104947036366072174832, 225708539328867253298097264]
[[5950785883834139072344758, 209345371459138109037755498, 1797130980554536280829880], [-4203065578125223974946338, -147868081670372491094638398, -1222817346991938120382056], [3677811372037705327778826, 129443993477554542981343446, 667579117063067387571912]]
[[-2210383476620025625407069940, -816494259166111476602183076, -222365729111147447642155250], [1561972916809840866510881820, 576952108790279825826750636, 157343439900921758272131414], [-1373414316404739203375632140, -507082455580827424331956572, -140149764263326959967027278]]
[[-34725586067569865365615618410, 7165264187397820489637624450, -28104814909536926006622933024], [24542459313653442021778579518, -5059524515599973529271922694, 19856776025606019831706353120], [-21610346422142907166698313686, 4415642415925825062596123838, -17428903352466346696647126240]]
[[-414493814261310435400959787528, 66160716337571494304796351012, -288915253981923176405461064644], [292991704425907130065999244952, -46826909643508930115995698540, 204245599412077466982300869196], [-258388958785754760746622720504, 41816562836814848855742143580, -180306727991450075748278869692]]
[[4428292108980841976277045052808, 4316112870654550550149670939840, -5813700043498471835571524727708], [-3130584421083761724151600317336, -3050733003213736567655153489472, 4109006394254365173145721461716], [2764091779142540128184076164472, 2688865310323317648019061492544, -3619384109886107305351747509732]]
[9655883625899067546989173224164, -6816302932680178593531743250348, 5932453630299603604084263709596]
[18722635653289069473358470770792, -13218799117168297346939015054136, 11522733817494605599357310802072]
[[-128507438063821919603939154652888, -167851449595344697261344665089192, 188430853557854063977319520254568], [90842768835991292635609511641224, 118644631795013691454922961470712, -133195044757353747377870291485752], [-80158998149319954768876736836648, -104598800128324009144097196264024, 117461275604928091283870909182104]]
[[-2796522204864041425954506499876896, 7090261075379717823744364803250232, -419092505482227204066192167689184], [1976909919305566467864610862989920, -5011880890095635894772677919231144, 296141984494029046763434464621216], [-1744667193229043998915045578831840, 4420094126897552308503363150796488, -260299233241245454458302202227232]]
[136490940247331187123342978126747160, -96480978227602182602790008996676936, 85087582593229415631147055327485672]
[[-29504466737057774073300994995578304, -42183259739723759253607355084980800, 92254246002962016691325240396633344], [20857583158879144006220416099025472, 29818271567590588912615504184919744, -65212419651880424824888183764526080], [-18410441425795747624690594760468544, -26299690376334278836700305273226688, 57519405803754752847022106022140160]]
[[433461169712540785191606336486378176, -1167938440734211431906621516894073088, 448186402072206989035053822486889344], [-306398262367848128932039152711333696, 825565658266370650842408386696481024, -316804873684477417830842526276948864], [270205010340796493513574869948688192, -727972967653228862865717186242581248, 279363918069884057795379967603724928]]
[-749284526214921761481292547847745152, 529604380227641674944693898203778944, -466714971234147394495185869240777088]
[[15610067422307898704400397050758695872, -17836274200309267445732218677192631424, -2834832457569019159955928319627201472], [-11034084539620088110745564279151060288, 12607702296725845911000973536970189440, 2003823304377685065349853320981283136], [9729680691250259659704194342565926976, -11117341373870592384399289082929514880, -1766959475146116527435933581590315072]]
[[-41197515163142244442574917098639860224, 433911563851473103301364127452598509696, 289032141282354181643460138994241698304], [29120719741190534704179728222998620672, -306713593431071982752202696496568593536, -204304470031245098166582240970495954944], [-25677930279351783441853835152155538944, 270456839254776015249109946490393919872, 180153254737084180966833658374232601088]]
[[2869529733453157716396033634846323933568, -5021093334631991646896626979730313187968, -1551254231531974143830409635954468959360], [-2028348478128112424895396228913100959104, 3549196312808338321038635754226182999168, 1096515118896579801030331522416932895360], [1788578153439471441137754402293882721408, -3129639070810301937436775551263248804736, -966892185368692790639333815056277518720]]
[[113806544941510967372208581038047486388480, -93272909291559234287007857698772483606912, -101045875597016919651075261732316306344320], [-80444993166231950912415608210191580755200, 65930645664457814581073657231796068802432, 71425022527730024893368440514231482986368], [70935522518367219359680178818735252550400, -58136961593869989515850065116909228558464, -62981830314053259655245549151054932011136]]
[[1855361984672300835993744473051063722908544, -717173053802447047157576821586824235165568, 2533796374776136561526867106257686857487232], [-1311476276906889114791239934528585555626368, 506939019717953151083891668988954393417088, -1791032614529906378063313612700507134185856], [1156445684350306390313598923511806283755136, -447013095559472923686577304472305492136576, 1579313262964353488490314381958370737616512]]
[[-23892383242165560734362358261687418648168064, 33681512456736983401114655875984754660979584, -67951097486300127142528370112045737937052288], [16888506772793255118721752506406099528638592, -23808025016189155189684677770814595058454912, 48031733967846051266663153742851074890738816], [-14892101988049751658685650921214991580710784, 20993660497806199876237764337656048005879424, -42353871015943671582425646941473493809986432]]
[-242665150218978491219743632461931318951597312, 171529644278008756933936103933641709937416448, -151252966296682905869998786326868893371287296]
[[743573712257010526835605707568609892243746048, -366182512211084102011403451602739554648230400, -1667042493665357940386194781345905911465035392], [-525600549234844629802410368518271527345234176, 258838804892079252109735553501371437173998080, 1178361268524550126247298399879950355627851904], [463468888795239048789983827303376734729105152, -228241280507331343415033983625883649334300160, -1039066388320017551698673388930321088149211008]]
[3305187103772123915384217051625230929405222144, -2336295689039128611945642597554069805067661568, 2060119164246091542703586707423476031649185536]
[19308923083030610717750076154049991814003824384, -13648654411090559211630169864330417387380388608, 12035236662799134036224418619878688842991631616]
[-7602847443904621497908167003524050448028716160, 5374128732838592127017020892397008903791263360, -4738849380585425071663298977399838142077454720]
[[43063351571822507270650763847125700743205832704, -38078249092587707766536340392628877274012153216, -8881290049689210690657360724540955238950950656], [-30439647207797413340291999095914180233031272448, 26915890816342777693891202191490829636842961792, 6277805317569690749988705215744530516250641152], [26841354959641340478042836833808366494765111296, -23734144391194188111689025872141873690486189184, -5535701832836958556027106662601056708771355904]]
[1337432774631931536679101494413154817248936336256, -945374206667925414783635311383073158230956689792, 833620853308619991724079344428077645554293485184]
[[832228010022008455629555958001085709054848666752, 1124681138817639162187420383194251175268781992192, 105486565687490139970316842510038771167974999552], [-588266497738663553885528374528962298070164942464, -794989146688367035160006404116517137214751710464, -74563956345496708457051573995832195518881713664], [518727096236852773839980395788524752087806880128, 701012923368254638529243165735620846272128656128, 65749702689986156495644764690480751605469782528]]
[[20759351274366028570005043789788988623676910513664, 25372885213141477031798575364541007037611198606464, 35516140270598273442176310028530727457327196172544], [-14673900355056613644839580669114222966128769750528, -17935010785381124105257909128799218752138503298688, -25104845334600087667539195787681633459022805681408], [12939288378422994149332107004304554091049528531456, 15814900535117763676594645915179008239260747835776, 22137183949650851638787970796728013225542976617216]]
[[-647213946925711420665714133320971947135538226869120, 68838839777434242176092219016433810897174728116992, 1116288968822229101352303406403270661748323101154304], [457487945249456894118062904097400152914941390709120, -48659241008496591420178074999861450691717629675264, -789057079258099739034910461814420169214672166407168], [-403407974095907826600064213940424501037380295194240, 42907198831124262512787387544579296837718875625728, 695782087554901251601273750577424396339031497716736]]
[21774355452850802344169062741296382196681259040199296, -15391363521482333895613925986768954659989242740358272, 13571939609208362009968646151900751096799361829686144]
[24968606471541580725350188978225405147012262207397120, -17649243384046164672278577665861228488497736429052160, 15562913940055867549541843704990609580832340523032320]
[[11178470425979877985526129600810596855984563620776320, 3532095309494355907263209882078236972443956631329024, -9968462109663476358373889089962977011111994504388352], [-7901584151314839820384024529481395769064371306057600, -2496687583864863830140727862433611549739427075198208, 7046280860558265053602996707623650990843855796300544], [6967532333046594489363942814929502065605361584515200, 2201552389661076681601582561377039772171321792770816, -6213335041183485072027807083748490462583366477100288]]
[[209486666602942917181148993089594837197482627553019776, -82122074188617833021616353139703207811073912605073280, 90926167303287688852517242320514412944880519655883136], [-148077193182153419193974925077390091720858053169190272, 58048592974663191855528683367208074944663542041087360, -64271831035780960249207998190470603695815217676461952], [130572884066023963589090271522666128328261147214230144, -51186627949457718882676982662765700801871719336622720, 56674212662514475065586399484917425766272293401317504]]
[[285689883833480024915372807560889201481564382255067776, -4056449882686452534176054683173596271036251678209423744, -5474490343479406561679272659166592405394931860262940032], [-201941998520302118968239143579180954098668380897619072, 2867331475799063664459787794972202605074113337943043968, 3869683819412865346410102301282404993116511495409513344], [178070292834371839525350068626680280287998845240527744, -2528382206022803184128974956034670590196699495096670336, -3412245773223753117464568810513286243428897969462645888]]
[-110949483163878869649383255406570643734453884304199607296, 78425459327821944261715885378301111780176403053743240192, -69154730619559649339791596019363483514641340870965545984]
[[62924186852897772566556557401474215672307359634008950656, 72134280417622688047305728678226765690118866302931011584, -67245508702668812931500692768585801398726892236029796992], [-44478424921118321624360693137672379767397022234848621952, -50988647389381534423594893190200988932758129323501037568, 47532983097462269582006957653052358561667916459646033024], [39220599040466066597968461793477538977546791508536357504, 44961243521608049797845301181087837412643364559648577536, -41914075745381423093040473840829318351615898345200229248]]
[193854623571766521470497479591675045837382357970590706176, -137027568432589176803178276477887117089489714788340634112, 120829443216955296697623485758770068566282573648125709824]
[-2157181604343739164207713342450633494637372523853898917760, 1524819704907229065693584787752362571985030849347854734720, -1344569695359581776047681010838600982555931749632079565440]
[[-1834522886047638515597030896637385556674493269600159850752, 863653328541484654472015262152192676506624904468041923840, -1815435443673938620495495933274205203236557785371141879168], [1296746013451838042947392419747452644212204475051559666944, -610479716190280710910464645865893401566474734388691063040, 1283253914254166331625679595104692333748825309190503127936], [-1143456755251656475648311734148569732186886812417818553088, 538314479746863506391270416919278428189378653772853518080, -1131559566805967953313179520664312662921014522412337900672]]
[[9359266092062901769525213732285775050540956114835303534720, 16183133790710608019166264669249278351870031825253776748288, 8439735364853716592456790704401932183470216983234805623296], [-6615666169594632193959307512184609222286547928356044227200, -11439167310232644781248382771939509601739640572446233643776, -5965689102306022253988758590490764238098521001081074504192], [5833623623179477242813026711126733685434954926302251734400, 10086935296307692088772389691967913540533250182348071044352, 5260480799328322037096278819911038167510721022877767273984]]
[[142776865817807116365242994355576435175312514500804469489792, 68601372466009967915563732116546646714666039796309267318272, -121388030440364052980026549396503908332865320310919943545600], [-100922879162723757618326420222795303643237287654160981684864, -48491385382445320766134435940866118269382473591529912753664, 85804023355620330889241986928342427050670150729116813233920], [88992714582696800498089375174133251845422992296186770924928, 42759184603145656688132526249473779364202617978504029782528, -75661069442996722901621735156894250969974945853952637763840]]
[-458820771884626712023729679856754000160215084384280345283712, 324320841870013818633856618291609951293110178215665220824704, -285982647082319519220460043729077454673970279407294075316608]
[[2936980075050393140454255896241474477948526837015023661773696, 2722093395978498254505356601939198471539949554445938363074944, -135387448600608618328636113171373213146382988706900107698944], [-2076025997215387519085244944141782283034233309733255183618432, -1924131765318959551690025560775638119779808696452540051849088, 95699615196432566301977351742133452888120497264338912988928], [1830617504156341553681578716737558856913165302311851601614464, 1696678795092206441925687472291895628111826408476944645736576, -84386896474447571594605751131940015543159278128046635008256]]
[[96339636456091762332642048582242813354450481643543254530125824, -2720892606118011230316029648501013488264872910646418968861312, 4887091783727749123574207459242984898607000729956820692044416], [-68098381578280332769481575935338280300726834602422857915936768, 1923282975871100918101412983842493921791312552669507876975744, -3454476819014021978933050611716629168001240508898930484798592], [60048423983699763496918130964632666260968018361537582839975936, -1695930321838671472491681474261481401339867705437297124770688, 3046120665429832618005373492372521650030416155486043284902784]]
[[-255258811237842605560018086289198194048327479820200701472685312, -1478299951543300843090480936353413404253858444672241862823901312, 617449008609857522311750635618355197832986450565362652402912128], [180431570758931427576688221287968196489521983982354308685795584, 1044947208517386382416710370192152490247979654264817048531913344, -436448379305748403579231214070672787571932720329024013870221696], [-159102628132540212166898236290459339661527004108588081093402368, -921423263595808020450650131616778211883248007143699859061525888, 384855509404881764205694669018900451846265821002601671053336192]]
[23747448179546066262893911723245670802673506046975110353752233856, -16786058647497544632435763558908591939960571197120105095782008192, 14801766844585299112184243235408925010832985510344763435843641984]
[-16813213128421492468291915632675224409464762349005340096565887360, 11884543530392273392462169192988109193010564644131419666911172480, -10479663277671906181714049763779974804653885465335611675223928960]
[18553228914256827892790438480074943464697170143069277589556425088, -13114486503613079463343367079541802615200537137732906449350559616, 11564213823674234597189465683304670807818183431700297062441468032]
[-34671175255622868973009980452852231966043718489848851285931732480, 24507575585526356199867971829602413734750032764943427144354178560, -21610517834566964652350967358144751030895500225045758803098565120]
[[9018552688730138083563648541646127099499265279355727186391672064, -38079214457074673518143877020063884384417645215450548296318917632, -8673619222132444805149969009904853009705268311596438593676710656], [-6374830389790845355990112527369569760599095410312638992711555328, 26916573195418754863041692214439986856388362623681493403201178624, 6131011629005623823736650797987614996835029359362824438094102272], [5621257199308521829769320453739172958789187011955129980464781056, -23734746141010777492995135292553198607696464768415043684964840448, -5406260430455191535127931354816237457926546517888902071719334144]]
