[98, -280, 27]
[[-249, -564, -152], [147, -126, -182], [30, 103, 76]]
[-14021, -3311, 3276]
[9763, -3227, -779]
[[-8686, -1370, 5903], [-7294, -2114, -1939], [2623, 536, -977]]
[[124071, -124193, 45116], [53025, -7595, 96908], [-31461, 26276, -20558]]
[[-802779, -881718, -3701886], [928011, -735882, -1106070], [56283, 267774, 885183]]
[-47129589, -22309623, 12245904]
[[-81894243, -57036927, 30400731], [-27080445, -3356157, 13085793], [19902135, 12085590, -7746642]]
[[1515966813, 2227361256, -549974490], [425785059, 519809976, -42661626], [-359945937, -516422160, 117657915]]
[-16770507837, -2727865959, 3751717758]
[28367470503, 7175459781, -6640417674]
[[-1972763376, 14624704041, 46596491166], [-230711460, 1136985171, 9705727542], [430610361, -3127364232, -10669878543]]
[[1243336177491, 666291709440, 266795516847], [219639363909, 124411054572, 70412202777], [-280137867405, -150904404567, -62810684949]]
[[-11593704286077, -23720601939063, 15272840599383], [-2340469841199, -4580591505441, 2442686633625], [2646068373096, 5389832830209, -3411604328943]]
[[-176084541717291, -482760378907383, -23820023152620], [-38973990191913, -90286053730005, -8044272756072], [40585338775584, 109353019630098, 5811698305557]]
[[6421709044178400, 4379683140434454, -5412370367585580], [1236290529926676, 930904544474394, -1156704212869800], [-1458701695917921, -1005020320019658, 1242720654367605]]
[-137924901133679868, -28105164942653148, 31509705451629786]
[-67968560616494004, -12538568511777168, 15375897738916137]
[3172152209451978, 2905367737399806, -986461190302764]
[65329570121895330, 13204795539530490, -14912489353678845]
[[247337187191581014, -87090092420067576, 115055944031719974], [50761687982644674, -20174557308047604, 22082841612070302], [-56547441391969548, 20177556562244655, -26127368157430371]]
[-58459658452279842, 21775311248423082, 9451778807328960]
[[4699406556640039266, -575080377209781930, -3923708650639558398], [964472071670248806, -145645575218298666, -821420898878781054], [-1074401386447421412, 134678130775838091, 898928973282682017]]
[[100922899031400715542, -61054097278603588578, -117530383036638135708], [21157585313139577386, -12705797656405600866, -24217966826677662444], [-23125048078487255838, 13978829180195397999, 26881601568644520342]]
[-3355366547159685472482, -699771493786585155390, 768411473065469758962]
[200675510696309880888, 44549807002137759672, -46269386718883912260]
[-278282891279014296804, -54781626050868583692, 63352316779664459616]
[[3434251922742366082944, -2387230152897315045744, -4042663366374300672018], [712798609067227046448, -493908364422621563184, -839223617001201977958], [-786080130263793975132, 546240485706860612088, 925358801849635947696]]
[6139046093259808764198, 1260457258269383630946, -1403599734800301550824]
[[-16071645374121722521842, -138298391558142111560124, -94428989936346699194094], [-3332348773740866119590, -28675572807381562497204, -19586122516685959518186], [3678309631656953564472, 31652324644804046818488, 21612717677738518819380]]
[-1164676766861715616776798, -241363313615488412533626, 266544572598932521575204]
[[-720946826462965400256186, -1253029973227994660104872, -151334995059851377158612], [-149451279900613265563758, -259877068329104452415448, -31398360898962548636460], [164999018968133083535124, 286788445330307188959720, 34638290428520044901412]]
[-12728806068200080500630396, -2639922275891655669362868, 2913315685358446660786344]
[[22474020843503404105188726, 6644677761337638859051374, -8786894053436771583658428], [4659776846979627745867698, 1377522930568726471958442, -1823218468602789194986644], [-5143611297431386806424704, -1520740280866425693256836, 2011204658205038324400912]]
[[-248649594061098345004536336, -9877252423023827449147296, 347795011685837969790138126], [-51576045407538927787185408, -2066092539997851402429168, 72122187145929017187273498], [56910657324988539818157924, 2262701511498390460561044, -79600746409392083109998904]]
[[8460819250503370425441255276, 5715196860106266195048740838, -11075266052798669117126856252], [1754808872150066579018872308, 1185138197234782605358336674, -2296662796137535242675764436], [-1936483312105190017923708564, -1308049482389547827217970152, 2534823357684854044974162048]]
[104630581063851412608658203174, 21700990739048112889927912242, -23947509182072164015252019436]
[488104004767159373901454536768, 101222579566147555383021723744, -111714156419381457766469398152]
[29898473563569432355938026478, 6199649252496520705655469594, -6842895825070409486111196912]
[-27693531823006695789629734464, -5739552368866065396103086672, 6337913680093579469169653556]
[-78223761864694814614388366490, -16226817997317795633351703950, 17903921158003567417436914740]
[45495000343834522068310524288, 9434050715209489762196314224, -10412531047942113769099988652]
[-14515165480596354384204052962, -3015253880143311728324539206, 3322731853394079935460401628]
[-237798747331342602849409995576, -49317835809818722844677486248, 54426260030778374285089813104]
[-181184836922410758805191119166, -37574769613491169032569158458, 41468533903405702783837027404]
[-373409163258432183142174670076, -77437623383933013768477173508, 85463568407398572133981419564]
[60924574896809802656641684128, 12632056787807783969396607504, -13943749729580152409766698172]
[-43866515892294156751420879206, -9092106262050722656088991858, 10039323344801783404589437644]
[[221060039355052816631825391570, 88957256089803216209985475440, -48896500674740653992237606036], [45842920243206831960073871670, 18446915967432311909447024400, -10142805144763850285875067388], [-50594786495996559410707533540, -20359862468573073969255074640, 11191433798337646778082151704]]
[1324504722572874478702374308622, 274708834307985013802465847786, -303148227175200278595589948668]
[350915190902865343475218690866, 72786423303159307274133827478, -80316864710290527083463841524]
[-218993641109164667310636906630, -45354153638937361619402413650, 50114858332675186486010014380]
[-439035306949721811269544211854, -91040863000739917402539877482, 100482940103378134540390605756]
[1490498717732418997353748951584, 309118994435080502441448920352, -341138314095629222666166407856]
[[-3320437131230593520339911664532, -1436943535969046880748063572, 1789014066178686490634793487902], [-688629402570836811979572157116, -252449016330127067456895036, 371021396972876362021579327386], [759965287947966795160150379208, 323598263036344612491097368, -409460218581224385434359481148]]
[16882767753855251812721202651084, 3500599588490382005040757603812, -3863959161162897465309178037016]
[[-48764697415664032586333989214316, -79444149203044296669339642201354, -26842642204011063326860189581108], [-10113767880932247514899581205828, -16476059714944042343734757639262, -5566235347186562313912017180124], [11161069936257283267668052576824, 18182790390930797863435678923636, 6143531426743761506177138077272]]
[1920379667106244631390199934371090, 398274003777934759962593217324150, -439527519769191950532061219545540]
[1612444244278783632847614145461474, 334407170545040344813503093075942, -369048344039929238567690951006436]
[[-561570034131350665676712406356192, 818603254484316528942798461488356, 29580649498818028805606672184666], [-116460758143257276368336741400096, 169780850963168285387624891826348, 6133485446806084940283784939278], [128528927707480587550170418959648, -187359009259414063178593723924584, -6770124796608517819715611229124]]
[[20208920912891497825581723585058728, 15876794364043550227940578846391982, 5744807873744445425178375697596060], [4191236160202023737797866068456184, 3292698899622900475229930114506506, 1191552942667246402868777759865300], [-4625327974578618142745313948465552, -3633801486536619469697530221678348, -1314858436605643307217779892625560]]
[[30428002593407253297998436572762622, -328915398892946471849282962897965528, 340962522701444283944441483441459640], [6308680457074592161450390554822906, -68214972370373933496487280528208264, 70711827667199109861843260860678440], [-6964000366224135675220407367174188, 75280630353377007643957790799538032, -78037729780058159481077669820805680]]
[[1937271761129738263368999501412607232, 4031393914177289478298727912924748720, 6741874728490138069450605690938563098], [401800641107722428538006277039582976, 836056282746309079860188693798046480, 1398206620559653504606232664223455054], [-443396408078949425405059647190675968, -922683335988561319534660103286079200, -1543047204726299470927536312219889092]]
[[51409406824619873121681678173129046264, -7038578999637914196924848271499274142, 159433708222317865642254939484168304688], [10661588530518116704672484662589765352, -1459411024246712198102936769361140186, 33065276952742072759479364511825387664], [-11766300453125754144128915551841897136, 1610917218659713966634544958697978988, -36490416622946639750930186359150029792]]
[[73451923917682914503250647407139780046, -3361258250573801708090409001291020035376, 1098598879630564701085997790198659387064], [15228910242863713308539350940605709418, -697100549416471492335714472317122897808, 227847128992315247580178526585202071592], [-16810807527658760607201788449648084044, 769308828100644998139633765437834333664, -251442755980543796756655999672389372976]]
[[21074482640959236279059702323766349917682, 67977295229090231202927667708211217598314, 17476979234329947357397447024726679381766], [4370560642836029444745135645856077450966, 14098136284866799966843940855838014990142, 3624729385573525904786323961761476787218], [-4823411982251562960306209710298539878708, -15558336665526747802374559605195449346276, -4000063189120768916935315313149304387964]]
[[-1364938761394713232264619083357030371717222, -1169239900339177268813398391265650391935094, -1548205318379577263527817850119902167869280], [-283077568914407582026504730475310663714866, -242490711990255388530186062331339713910882, -321088145958183151243225022814789710407200], [312400607822047215677982065416503142533948, 267609942965825485032244349863120740383196, 354346068242395279296083690707854433222080]]
[4221665096973453927074246906119422161567088, 875510926318050068259644432210370955546704, -966230979917742186653579302217504308648032]
[15469620879725100703090156575870513495062730, 3208305179701454888152651852343405200960350, -3540615477988079125933200816816513220758180]
[-52325493209464952882635042229273582741542446, -10851914961161520682252426057916313054547338, 11976009001276217818581988786409781835594764]
[52907636526637522261094778544265093194131156, 10972645102379319490293656115815739919046268, -12109246949673378111677019989612755369525704]
[-2051493777126696580122456562259235780104166, -425448378729877156752247741343158738020018, 469534237877701743836283934172899240687164]
[41692870863687753677116014738445535838098922, 8646827043109429260027945578486794552971966, -9542469608739566479541974565392905075083748]
[31261789433295051599911923499880738016323010, 6483475435901889291981752613615220316126790, -7155050777283980522131772455154403724713300]
[-7636516615167321043334573042444946950076396, -1583799649205780603211045142158973460571588, 1747814481539259321572785324747655741569464]
[[-14967122931141752734558892618376550564483884, -38101441316421884601823211244757647268653912, 19497322377561842227049978438016434205306372], [-3104063559308037984557305014749969621702532, -7901954981125364905778021124535785471098376, 4043626057488136740386448218214391691633676], [3425602980391888573690530561881093888442936, 8720476132922954136892591075846634315265648, -4462457233103347538986784618298693418525608]]
[-524295597284155115209435428124063516548481464, -108735167910469355288379242692572719946428712, 119998294769205685726012403696353844432398896]
[[-771434925253888896237806894974262477365596132, -678068630526977659147580232500726647337985516, -909922905377198098403733335578192366661127432], [-159990365992876015179283817473074413465172396, -140626580000681354800260844366037584664506308, -188710924846943062639444080243464390392879896], [176562405021899216612913154305977258189699688, 155193136664783967678915297342028180881778104, 208258778654181532865064409864582616256049488]]
[-4863586750307669123621821579135788295008487956, -1008676781071967685131634534496203819065991228, 1113155129927573979161319098133054500303534664]
[[16312108967888684113614333773303840414979431136, 244345970586681667011461527928456565290218908, 16586726529747871938024819854327762385608456964], [3383010036596233894498504515882556628431536288, 50685305920061252706176810998748935914706644, 3439954057016233294198391029432881935186430732], [-3733437710141904413409766740148082687915200704, -55925873216522022376913351621100498538531992, -3796289752847694200282394330310133371159995816]]
[117666149545979344448258846910316205629596696504, 24403181968054371093363426370263534243507022632, -26930878535003174736136582580813886164358379056]
[[36380222268395111704597664124820925525328566652, 428234096592993604320129969321258680348900596956, -181176065272561435484056191858101639249723845320], [7545075805493201020570790304401076408104235636, 88812421257802072252459415116201351940543360148, -37574781848419495832176996244837079804183237720], [-8326542026999442455960376470235523408027170648, -98012161104276361551743349096280910134467144984, 41466738610868250375052741284811062262431621840]]
[8634542192119005817656066199610803504520993120664, 1790736188050841810007622061824155982681723912392, -1976232420043010268327791170600623030394580315376]
[[-4047777107832959316099804578902716969649849228128, -258639850090028779833632876454320974370828241792, -147511353461045783301130933177969518275535110124], [-839483152892354704525671003139341196485528289824, -53640435972289691514323869004409286395409474176, -30596603000433494697221497698179783183150464452], [926436419246698192561511852644156113287466067392, 59196308263939273683008957439994705951823708928, 33762141013236624410581883628113918351967226296]]
[[27893885620580372499021854226356607502276906462824, 48943093640714523569563789766563276066264312110996, 40813136494349336786822166592427721334338938872584], [5784977784131306750764777521011227689148831280952, 10150482103652402342639478277982733147434007961788, 8464348550725239938884762137442479137791644572952], [-6384218757650278198556799961987932433299885044496, -11201867506475020233693578262981748853001273000264, -9341116940182190597290362392240384891017754373456]]
[[589887682780412213543288886174730544382443490179472, -759286574447851117512068702143390587667597856610636, -860513425148241573928879215658717135431915194899692], [122339105420462730601403018088793861326765513118896, -157471266260590241211938638913641871027480622332388, -178465126807155437516607043134256593892990551741636], [-135010771192634829750289327575275482132785319079328, 173781992231735026822083116416838177112602803133304, 196950330194738814163543142254031950284854517058488]]
[-18882829543606406522435214218841902576089069845939624, -3916180351433044846448211195473839568523789005968632, 4321814526114240294196433276646710117079582349554576]
[-23685514046738318773468781925280961777839038927224160, -4912228373161680902483645122651847807064816673466400, 5421030862014521581719471250362450833771961754253760]
[[15604157858569631229993596232744534863415369848112816, -15099915638178197988959850843940366556757223925630316, 8560216077916423317806168768219742832483720108416996], [3236205090004583493921375334165312857401067169958928, -3131628342736611524852446939915646758775800899980868, 1775336502061319804879233839051550711468963594824108], [-3571407421485953514612076629731757110326830015155424, 3455998789954802988890591892608737706902335430676664, -1959222752302030567542615271502488606938985623738984]]
[[-244598011320106162759722562445289972841049167366099848, -189833932739246697032319443929964401353038647551347736, 407235021528340374433004758766900194895084584223475420], [-50728095076642851708238943896200410688359604185738904, -39370395614838811405919622480694323678531936686309448, 84458013271179647583683772515802293666947790067886740], [55982459690637598433620954637272430906596282169754192, 43448314256713468019793290482519645669653509996807664, -93206067607326867130313245392011390651881694063022360]]
[[10719674020766720306007469777636591340277210882826036860, 3912283189106188913655962463198890285936794593697524588, 7630877469426602058780809874690568331960574287363482500], [2223194137906830237041016582382525465908751164880263540, 811383085656610311541679700405611398572799016246788164, 1582596468989355864307009572529742956144202143632163980], [-2453469434458826101611190981314586554475058999007533400, -895425259418994184160770237186030911928204186056363192, -1746519917687652727970252072858558230454745876136807080]]
[[-20361980401420237934790244303530850982802169971831073416, 242082074744047828118841367840037541545201972006098142916, -134172422531962196618685334342627253200001680189188387612], [-4222952253591778249075403344426779472738134936462144408, 50206321570659300111513320057702141203258400249185521228, -27826534982586435786208556221947468358160202845036842836], [4660356334403243275149486504759200279129734725675649104, -55406625635022547688016953138409905929212342570980950824, 30708764252881000568360528660520117873025517032726234008]]
[[2810954866573098402260398661160143852169636134968180708800, 331309868001354434366255813651508554017633972647580797468, 46242142381471103279192393402076640258403593041945769644], [582974559893239726065454174555823231689626046360055849280, 68711592898313429080486284020940693708426858047174415444, 9590261348028533593430637198965781090092968936704393732], [-643358342950649073573558531274337647630078835340176695680, -75828667975030238481717425294661484920910679590467078552, -10583679293384832629624614228032681013094393431007991096]]
[[38685876676235383919794803019020410391882525566623959647700, 47480510629280260406589891055500238791244303229591924211408, -4085080476411760193327962912445514997524656054881149448464], [8023209085269350761139800707727628733746363276047799104380, 9847163411695838144122536809928760026834772575136115704944, -847219102699086363178383505428605102941692852713415162672], [-8854244309190569639959773503315108609716106366792304244680, -10867119657702892739459547025226513908844253254696945973792, 934974179388928281764192534288655419037451191481801681056]]
[-313280584799076681838619047593940453762158222265302288793464, -64972458206217323551530662094722975938857104590993914301032, 71702212137418171831674394081240362099267630092617638173616]
[506178961955763193096305200821942467719704833371369656587552, 104978365107321021745916580311694037611696011018856631177056, -115851898144610184487837623813911663597233541678904069058368]
[296373632041099065281107122342016038732057648749759475113508, 61466055263566084729675076629999195745660519953367641998444, -67832626318189228257574845296746175883466692211787120476392]
[[846770539461439316645029452644781612617774784345462874745016, 766369887883592716063595335893285560214893854272339862338084, 394258975989279164640766676384780924368128393478554349255992], [175614936783763482768615022640387129311198015117125146060328, 158940315603868467008518459537889105498992284238007324104812, 81766906709248024445596752403726501292611802243130618717096], [-193804921995369526316511447865069101718620328234784021631024, -175403189879289685349070709261198265104360517233760169335016, -90236175517745663838918645803730366719361373469949554822448]]
[567484633930964211126067227387708727558922003888311956282984, 117692006160608487480160606978807978487213099965161444441912, -129883166919548091739512011710391270466351876166871908832016]
